<?xml version="1.0" encoding="UTF-8"?>
<testng-results ignored="0" total="4" passed="3" failed="1" skipped="0">
  <reporter-output>
  </reporter-output>
  <suite started-at="2022-10-12T17:40:16 IST" name="Default suite" finished-at="2022-10-12T17:40:57 IST" duration-ms="41204">
    <groups>
    </groups>
    <test started-at="2022-10-12T17:40:16 IST" name="Default test" finished-at="2022-10-12T17:40:57 IST" duration-ms="41204">
      <class name="Adactin_runner.Test_runner">
        <test-method is-config="true" signature="BeforeSuite()[pri:0, instance:Adactin_runner.Test_runner@4738a206]" started-at="2022-10-12T17:40:16 IST" name="BeforeSuite" finished-at="2022-10-12T17:40:16 IST" duration-ms="146" status="PASS">
          <reporter-output>
          </reporter-output>
        </test-method> <!-- BeforeSuite -->
        <test-method is-config="true" signature="set_up()[pri:0, instance:Adactin_runner.Test_runner@4738a206]" started-at="2022-10-12T17:40:16 IST" name="set_up" finished-at="2022-10-12T17:40:26 IST" duration-ms="9647" status="PASS">
          <reporter-output>
          </reporter-output>
        </test-method> <!-- set_up -->
        <test-method signature="loginpage()[pri:1, instance:Adactin_runner.Test_runner@4738a206]" started-at="2022-10-12T17:40:26 IST" name="loginpage" finished-at="2022-10-12T17:40:32 IST" duration-ms="6927" status="PASS">
          <reporter-output>
          </reporter-output>
        </test-method> <!-- loginpage -->
        <test-method signature="Homepage()[pri:2, instance:Adactin_runner.Test_runner@4738a206]" started-at="2022-10-12T17:40:33 IST" name="Homepage" finished-at="2022-10-12T17:40:50 IST" duration-ms="17519" status="PASS">
          <reporter-output>
          </reporter-output>
        </test-method> <!-- Homepage -->
        <test-method signature="confirmpage()[pri:3, instance:Adactin_runner.Test_runner@4738a206]" started-at="2022-10-12T17:40:51 IST" name="confirmpage" finished-at="2022-10-12T17:40:57 IST" duration-ms="5928" status="PASS">
          <reporter-output>
          </reporter-output>
        </test-method> <!-- confirmpage -->
        <test-method signature="paymentpage()[pri:4, instance:Adactin_runner.Test_runner@4738a206]" started-at="2022-10-12T17:40:57 IST" name="paymentpage" finished-at="2022-10-12T17:40:57 IST" duration-ms="25" status="FAIL">
          <exception class="java.lang.AssertionError">
            <message>
              <![CDATA[expected [the value] but found [Book A Hotel]]]>
            </message>
            <full-stacktrace>
              <![CDATA[java.lang.AssertionError: expected [the value] but found [Book A Hotel]
at org.testng.Assert.fail(Assert.java:99)
at org.testng.Assert.failNotEquals(Assert.java:1037)
at org.testng.Assert.assertEqualsImpl(Assert.java:140)
at org.testng.Assert.assertEquals(Assert.java:122)
at org.testng.Assert.assertEquals(Assert.java:629)
at org.testng.Assert.assertEquals(Assert.java:639)
at Adactin_runner.Test_runner.paymentpage(Test_runner.java:98)
at java.base/jdk.internal.reflect.NativeMethodAccessorImpl.invoke0(Native Method)
at java.base/jdk.internal.reflect.NativeMethodAccessorImpl.invoke(NativeMethodAccessorImpl.java:77)
at java.base/jdk.internal.reflect.DelegatingMethodAccessorImpl.invoke(DelegatingMethodAccessorImpl.java:43)
at java.base/java.lang.reflect.Method.invoke(Method.java:568)
at org.testng.internal.MethodInvocationHelper.invokeMethod(MethodInvocationHelper.java:133)
at org.testng.internal.TestInvoker.invokeMethod(TestInvoker.java:598)
at org.testng.internal.TestInvoker.invokeTestMethod(TestInvoker.java:173)
at org.testng.internal.MethodRunner.runInSequence(MethodRunner.java:46)
at org.testng.internal.TestInvoker$MethodInvocationAgent.invoke(TestInvoker.java:824)
at org.testng.internal.TestInvoker.invokeTestMethods(TestInvoker.java:146)
at org.testng.internal.TestMethodWorker.invokeTestMethods(TestMethodWorker.java:146)
at org.testng.internal.TestMethodWorker.run(TestMethodWorker.java:128)
at java.base/java.util.ArrayList.forEach(ArrayList.java:1511)
at org.testng.TestRunner.privateRun(TestRunner.java:794)
at org.testng.TestRunner.run(TestRunner.java:596)
at org.testng.SuiteRunner.runTest(SuiteRunner.java:377)
at org.testng.SuiteRunner.runSequentially(SuiteRunner.java:371)
at org.testng.SuiteRunner.privateRun(SuiteRunner.java:332)
at org.testng.SuiteRunner.run(SuiteRunner.java:276)
at org.testng.SuiteRunnerWorker.runSuite(SuiteRunnerWorker.java:53)
at org.testng.SuiteRunnerWorker.run(SuiteRunnerWorker.java:96)
at org.testng.TestNG.runSuitesSequentially(TestNG.java:1212)
at org.testng.TestNG.runSuitesLocally(TestNG.java:1134)
at org.testng.TestNG.runSuites(TestNG.java:1063)
at org.testng.TestNG.run(TestNG.java:1031)
at org.testng.remote.AbstractRemoteTestNG.run(AbstractRemoteTestNG.java:115)
at org.testng.remote.RemoteTestNG.initAndRun(RemoteTestNG.java:251)
at org.testng.remote.RemoteTestNG.main(RemoteTestNG.java:77)
]]>
            </full-stacktrace>
          </exception> <!-- java.lang.AssertionError -->
          <reporter-output>
          </reporter-output>
        </test-method> <!-- paymentpage -->
        <test-method is-config="true" signature="tear_Down()[pri:0, instance:Adactin_runner.Test_runner@4738a206]" started-at="2022-10-12T17:40:57 IST" name="tear_Down" finished-at="2022-10-12T17:40:57 IST" duration-ms="86" status="PASS">
          <reporter-output>
          </reporter-output>
        </test-method> <!-- tear_Down -->
        <test-method is-config="true" signature="AfterSuite()[pri:0, instance:Adactin_runner.Test_runner@4738a206]" started-at="2022-10-12T17:40:57 IST" name="AfterSuite" finished-at="2022-10-12T17:40:57 IST" duration-ms="207" status="PASS">
          <reporter-output>
          </reporter-output>
        </test-method> <!-- AfterSuite -->
      </class> <!-- Adactin_runner.Test_runner -->
    </test> <!-- Default test -->
  </suite> <!-- Default suite -->
</testng-results>
